mode: set
github.com/rb5014/awesome-api/main.go:13.13,15.43 2 0
github.com/rb5014/awesome-api/main.go:18.2,21.57 2 0
github.com/rb5014/awesome-api/main.go:15.43,17.3 1 0
github.com/rb5014/awesome-api/main.go:24.32,33.2 4 1
github.com/rb5014/awesome-api/main.go:35.65,43.2 2 1
github.com/rb5014/awesome-api/main.go:45.59,53.25 4 1
github.com/rb5014/awesome-api/main.go:66.2,66.46 1 1
github.com/rb5014/awesome-api/main.go:72.2,75.56 2 1
github.com/rb5014/awesome-api/main.go:54.9,56.12 1 1
github.com/rb5014/awesome-api/main.go:57.9,59.23 1 1
github.com/rb5014/awesome-api/main.go:60.10,62.39 1 1
github.com/rb5014/awesome-api/main.go:66.46,69.3 2 1
