mode: set
github.com/rb5014/awesome-api/main.go:13.13,15.44 2 0
github.com/rb5014/awesome-api/main.go:18.3,21.56 2 0
github.com/rb5014/awesome-api/main.go:15.44,17.4 1 0
github.com/rb5014/awesome-api/main.go:23.32,34.2 4 0
github.com/rb5014/awesome-api/main.go:36.65,43.2 2 0
github.com/rb5014/awesome-api/main.go:45.59,53.26 4 1
github.com/rb5014/awesome-api/main.go:66.3,66.17 1 1
github.com/rb5014/awesome-api/main.go:71.3,74.57 2 1
github.com/rb5014/awesome-api/main.go:54.10,56.14 1 1
github.com/rb5014/awesome-api/main.go:57.10,59.25 1 1
github.com/rb5014/awesome-api/main.go:60.11,62.41 1 0
github.com/rb5014/awesome-api/main.go:66.17,68.4 1 1
